\BOOKMARK [1][]{section.1}{\376\377\000Z\000a\000d\000\341\000n\000\355}{}% 1
\BOOKMARK [1][]{section.2}{\376\377\000P\000r\000o\000g\000r\000a\000m\000\341\000t\000o\000r\000s\000k\000\341\000\040\000d\000o\000k\000u\000m\000e\000n\000t\000a\000c\000e}{}% 2
\BOOKMARK [2][]{subsection.2.1}{\376\377\000U\000l\000o\001\176\000e\000n\000\355\000\040\000d\000a\000t}{section.2}% 3
\BOOKMARK [2][]{subsection.2.2}{\376\377\000H\000l\000a\000v\000n\000\355\000\040\000o\000b\000r\000a\000z\000o\000v\000k\000a}{section.2}% 4
\BOOKMARK [2][]{subsection.2.3}{\376\377\000P\001\131\000i\000d\000\341\000n\000\355\000\040\000r\000o\000z\000v\000r\000h\000u}{section.2}% 5
\BOOKMARK [2][]{subsection.2.4}{\376\377\000O\000d\000e\000b\000r\000\341\000n\000\355\000\040\000r\000o\000z\000v\000r\000h\000u}{section.2}% 6
\BOOKMARK [2][]{subsection.2.5}{\376\377\000N\000a\000s\000t\000a\000v\000e\000n\000\355}{section.2}% 7
\BOOKMARK [2][]{subsection.2.6}{\376\377\000Z\000o\000b\000r\000a\000z\000e\000n\000\355\000\040\000s\000y\000l\000a\000b\000u}{section.2}% 8
\BOOKMARK [2][]{subsection.2.7}{\376\377\000P\000o\000d\000m\000\355\000n\000k\000y\000\040\000a\000\040\000\372\000k\000o\000l\000y}{section.2}% 9
\BOOKMARK [2][]{subsection.2.8}{\376\377\000A\000b\000s\000e\000n\000c\000e}{section.2}% 10
\BOOKMARK [1][]{section.3}{\376\377\000U\001\176\000i\000v\000a\000t\000e\000l\000s\000k\000\341\000\040\000d\000o\000k\000u\000m\000e\000n\000t\000a\000c\000e}{}% 11
\BOOKMARK [2][]{subsection.3.1}{\376\377\000H\000l\000a\000v\000n\000\355\000\040\000o\000b\000r\000a\000z\000o\000v\000k\000a}{section.3}% 12
\BOOKMARK [2][]{subsection.3.2}{\376\377\000P\001\131\000i\000d\000\341\000n\000\355\000\040\000r\000o\000z\000v\000r\000h\000u}{section.3}% 13
\BOOKMARK [2][]{subsection.3.3}{\376\377\000O\000d\000s\000t\000r\000a\000n\001\033\000n\000\355\000\040\000r\000o\000z\000v\000r\000h\001\157}{section.3}% 14
\BOOKMARK [2][]{subsection.3.4}{\376\377\000N\000a\000s\000t\000a\000v\000e\000n\000\355}{section.3}% 15
\BOOKMARK [2][]{subsection.3.5}{\376\377\000O\000\040\000a\000p\000l\000i\000k\000a\000c\000i}{section.3}% 16
\BOOKMARK [2][]{subsection.3.6}{\376\377\000S\000y\000l\000a\000b\000u\000s}{section.3}% 17
\BOOKMARK [2][]{subsection.3.7}{\376\377\000P\000o\000d\000m\000\355\000n\000k\000y}{section.3}% 18
\BOOKMARK [3][]{subsubsection.3.7.1}{\376\377\000P\001\131\000i\000d\000\341\000n\000\355\000\040\000p\000o\000d\000m\000\355\000n\000k\000y}{subsection.3.7}% 19
\BOOKMARK [3][]{subsubsection.3.7.2}{\376\377\000U\000p\000r\000a\000v\000e\000n\000\355\000\040\000p\000o\000d\000m\000\355\000n\000k\000y}{subsection.3.7}% 20
\BOOKMARK [3][]{subsubsection.3.7.3}{\376\377\000S\000m\000a\000z\000\341\000n\000\355\000\040\000p\000o\000d\000m\000\355\000n\000k\000y}{subsection.3.7}% 21
\BOOKMARK [2][]{subsection.3.8}{\376\377\000\332\000k\000o\000l\000y}{section.3}% 22
\BOOKMARK [3][]{subsubsection.3.8.1}{\376\377\000P\001\131\000i\000d\000\341\000n\000\355\000\040\000\372\000k\000o\000l\000u}{subsection.3.8}% 23
\BOOKMARK [3][]{subsubsection.3.8.2}{\376\377\000U\000p\000r\000a\000v\000e\000n\000\355\000\040\000\372\000k\000o\000l\000u}{subsection.3.8}% 24
\BOOKMARK [3][]{subsubsection.3.8.3}{\376\377\000S\000m\000a\000z\000\341\000n\000\355\000\040\000\372\000k\000o\000l\000u}{subsection.3.8}% 25
\BOOKMARK [2][]{subsection.3.9}{\376\377\000A\000b\000s\000e\000n\000c\000e}{section.3}% 26
\BOOKMARK [1][]{section.4}{\376\377\001\130\000e\001\141\000e\000n\000\351\000\040\000p\000r\000o\000b\000l\000\351\000m\000y}{}% 27
\BOOKMARK [2][]{subsection.4.1}{\376\377\000E\000x\000p\000a\000n\000d\000a\000b\000l\000e\000L\000i\000s\000t\000V\000i\000e\000w}{section.4}% 28
\BOOKMARK [2][]{subsection.4.2}{\376\377\000T\000a\000b\000L\000a\000y\000o\000u\000t}{section.4}% 29
\BOOKMARK [1][]{section.5}{\376\377\000T\000e\000s\000t\000o\000v\000\341\000n\000\355}{}% 30
\BOOKMARK [1][]{section.6}{\376\377\000Z\000\341\000v\001\033\000r}{}% 31
